0 info it worked if it ends with ok
1 verbose cli [ '/usr/bin/nodejs', '/usr/bin/npm', 'install', 'personal.js' ]
2 info using npm@2.14.7
3 info using node@v4.2.2
4 verbose install initial load of /home/jj/infor/club_site/example/web/express/package.json
5 verbose readDependencies loading dependencies from /home/jj/infor/club_site/example/web/express/package.json
6 silly cache add args [ 'personal.js', null ]
7 verbose cache add spec personal.js
8 silly cache add parsed spec Result {
8 silly cache add   raw: 'personal.js',
8 silly cache add   scope: null,
8 silly cache add   name: null,
8 silly cache add   rawSpec: 'personal.js',
8 silly cache add   spec: '/home/jj/infor/club_site/example/web/express/personal.js',
8 silly cache add   type: 'local' }
9 silly addLocalTarball shasum (computed) 2007883f6efd7e66b5d707a52a90a7073d5a1177
10 verbose addTmpTarball /home/jj/infor/club_site/example/web/express/personal.js not in flight; adding
11 verbose addTmpTarball validating metadata from /home/jj/infor/club_site/example/web/express/personal.js
12 verbose tar unpack /home/jj/infor/club_site/example/web/express/personal.js
13 verbose tar unpacking to /tmp/npm-5520-17c28418/unpack-4371f8313acd
14 silly gentlyRm /tmp/npm-5520-17c28418/unpack-4371f8313acd is being purged
15 verbose gentlyRm don't care about contents; nuking /tmp/npm-5520-17c28418/unpack-4371f8313acd
16 silly gunzTarPerm modes [ '775', '664' ]
17 error not a package /home/jj/infor/club_site/example/web/express/personal.js
18 error addLocal Could not install /home/jj/infor/club_site/example/web/express/personal.js
19 verbose stack Error: ENOENT: no such file or directory, open '/tmp/npm-5520-17c28418/unpack-4371f8313acd/package.json'
19 verbose stack     at Error (native)
20 verbose cwd /home/jj/infor/club_site/example/web/express
21 error Linux 3.19.0-33-generic
22 error argv "/usr/bin/nodejs" "/usr/bin/npm" "install" "personal.js"
23 error node v4.2.2
24 error npm  v2.14.7
25 error path /tmp/npm-5520-17c28418/unpack-4371f8313acd/package.json
26 error code ENOENT
27 error errno -2
28 error syscall open
29 error enoent ENOENT: no such file or directory, open '/tmp/npm-5520-17c28418/unpack-4371f8313acd/package.json'
29 error enoent This is most likely not a problem with npm itself
29 error enoent and is related to npm not being able to find a file.
30 verbose exit [ -2, true ]
